<?xml version="1.0" encoding="UTF-8"?>
<testng-results ignored="0" total="1" passed="1" failed="0" skipped="0">
  <reporter-output>
  </reporter-output>
  <suite started-at="2025-07-13T14:40:03 EET" name="Default suite" finished-at="2025-07-13T14:40:11 EET" duration-ms="8106">
    <groups>
    </groups>
    <test started-at="2025-07-13T14:40:03 EET" name="Default test" finished-at="2025-07-13T14:40:11 EET" duration-ms="8106">
      <class name="LoginPage.TestCases">
        <test-method is-config="true" signature="mysetup()[pri:0, instance:LoginPage.TestCases@4983159f]" started-at="2025-07-13T14:40:03 EET" name="mysetup" finished-at="2025-07-13T14:40:03 EET" duration-ms="665" status="PASS">
          <reporter-output>
          </reporter-output>
        </test-method> <!-- mysetup -->
        <test-method signature="signup()[pri:1, instance:LoginPage.TestCases@4983159f]" started-at="2025-07-13T14:40:03 EET" name="signup" finished-at="2025-07-13T14:40:11 EET" duration-ms="7380" status="PASS">
          <reporter-output>
          </reporter-output>
        </test-method> <!-- signup -->
      </class> <!-- LoginPage.TestCases -->
    </test> <!-- Default test -->
  </suite> <!-- Default suite -->
</testng-results>
