<?xml version="1.0" encoding="UTF-8"?>
<testng-results ignored="0" total="1" passed="1" failed="0" skipped="0">
  <reporter-output>
  </reporter-output>
  <suite started-at="2025-07-09T17:08:39 EET" name="Default suite" finished-at="2025-07-09T17:08:42 EET" duration-ms="3658">
    <groups>
    </groups>
    <test started-at="2025-07-09T17:08:39 EET" name="Default test" finished-at="2025-07-09T17:08:42 EET" duration-ms="3658">
      <class name="LoginPage.TestCases">
        <test-method is-config="true" signature="mysetup()[pri:0, instance:LoginPage.TestCases@35a9782c]" started-at="2025-07-09T17:08:39 EET" name="mysetup" finished-at="2025-07-09T17:08:39 EET" duration-ms="619" status="PASS">
          <reporter-output>
          </reporter-output>
        </test-method> <!-- mysetup -->
        <test-method signature="signup()[pri:1, instance:LoginPage.TestCases@35a9782c]" started-at="2025-07-09T17:08:39 EET" name="signup" finished-at="2025-07-09T17:08:42 EET" duration-ms="2980" status="PASS">
          <reporter-output>
          </reporter-output>
        </test-method> <!-- signup -->
      </class> <!-- LoginPage.TestCases -->
    </test> <!-- Default test -->
  </suite> <!-- Default suite -->
</testng-results>
